<?xml version="1.0" encoding="utf-8"?><testsuites name="pytest tests"><testsuite name="pytest" errors="0" failures="0" skipped="0" tests="17" time="2.600" timestamp="2026-06-27T09:13:50.734843+00:00" hostname="agent-env-48f1cfaa-9d0f-4e6e-b220-20916aaf3e98"><testcase classname="backend.tests.test_intake_forms.TestIntakeFormCRUD" name="test_put_intake_form_assigns_uuids" time="0.598" /><testcase classname="backend.tests.test_intake_forms.TestIntakeFormCRUD" name="test_get_intake_form_persists" time="0.054" /><testcase classname="backend.tests.test_intake_forms.TestIntakeFormCRUD" name="test_public_get_intake_form_no_auth" time="0.147" /><testcase classname="backend.tests.test_intake_forms.TestIntakeFormCRUD" name="test_put_dropdown_without_options_400" time="0.043" /><testcase classname="backend.tests.test_intake_forms.TestIntakeFormCRUD" name="test_put_more_than_20_questions_400" time="0.045" /><testcase classname="backend.tests.test_intake_forms.TestIntakeFormCRUD" name="test_put_unsupported_type_400" time="0.045" /><testcase classname="backend.tests.test_intake_forms.TestIntakeFormCRUD" name="test_restore_initial_form" time="0.045" /><testcase classname="backend.tests.test_intake_forms.TestBookingIntakeValidation" name="test_missing_required_intake_400" time="0.215" /><testcase classname="backend.tests.test_intake_forms.TestBookingIntakeValidation" name="test_invalid_email_in_intake_400" time="0.254" /><testcase classname="backend.tests.test_intake_forms.TestBookingIntakeValidation" name="test_invalid_url_in_intake_400" time="0.244" /><testcase classname="backend.tests.test_intake_forms.TestBookingSnapshot" name="test_intake_answers_in_booking" time="0.244" /><testcase classname="backend.tests.test_intake_forms.TestBookingSnapshot" name="test_booking_intake_answers_collection" time="0.002" /><testcase classname="backend.tests.test_intake_forms.TestBookingSnapshot" name="test_me_bookings_returns_intake_answers" time="0.051" /><testcase classname="backend.tests.test_intake_forms.TestBookingSnapshot" name="test_activity_log_includes_intake_count" time="0.044" /><testcase classname="backend.tests.test_intake_forms.TestSnapshotImmutable" name="test_old_booking_unaffected_by_form_edit" time="0.174" /><testcase classname="backend.tests.test_intake_forms.TestClearIntake" name="test_empty_form_skips_intake_requirement" time="0.248" /><testcase classname="backend.tests.test_intake_forms.TestEmailConsole" name="test_console_email_log_present" time="0.005" /></testsuite></testsuites>