<?xml version="1.0" encoding="utf-8"?><testsuites name="pytest tests"><testsuite name="pytest" errors="0" failures="0" skipped="0" tests="20" time="5.092" timestamp="2026-06-21T13:46:58.788882+00:00" hostname="agent-env-48f1cfaa-9d0f-4e6e-b220-20916aaf3e98"><testcase classname="backend.tests.test_practora_lifecycle.TestAuth" name="test_login_and_me" time="0.565" /><testcase classname="backend.tests.test_practora_lifecycle.TestAuth" name="test_login_bad_password" time="0.347" /><testcase classname="backend.tests.test_practora_lifecycle.TestPolicies" name="test_get_default_policies" time="0.137" /><testcase classname="backend.tests.test_practora_lifecycle.TestPolicies" name="test_put_persists" time="0.142" /><testcase classname="backend.tests.test_practora_lifecycle.TestPublicBooking" name="test_public_profile" time="0.095" /><testcase classname="backend.tests.test_practora_lifecycle.TestPublicBooking" name="test_public_slots_returns_array" time="0.141" /><testcase classname="backend.tests.test_practora_lifecycle.TestBookingCreation" name="test_book_returns_expected_fields" time="0.235" /><testcase classname="backend.tests.test_practora_lifecycle.TestBookingCreation" name="test_book_logs_email_console" time="0.009" /><testcase classname="backend.tests.test_practora_lifecycle.TestBookingCreation" name="test_double_book_returns_409" time="0.096" /><testcase classname="backend.tests.test_practora_lifecycle.TestBookingCreation" name="test_pro_booking_detail_has_activities" time="0.046" /><testcase classname="backend.tests.test_practora_lifecycle.TestCustomerMagic" name="test_valid_token_returns_permissions" time="0.095" /><testcase classname="backend.tests.test_practora_lifecycle.TestCustomerMagic" name="test_invalid_token_returns_404" time="0.094" /><testcase classname="backend.tests.test_practora_lifecycle.TestCustomerActions" name="test_customer_reschedule_limit_blocked" time="0.494" /><testcase classname="backend.tests.test_practora_lifecycle.TestCustomerActions" name="test_customer_cancel_succeeds" time="0.287" /><testcase classname="backend.tests.test_practora_lifecycle.TestCustomerActions" name="test_cancelled_booking_permissions_block" time="0.421" /><testcase classname="backend.tests.test_practora_lifecycle.TestProActions" name="test_pro_reschedule_and_activity" time="0.203" /><testcase classname="backend.tests.test_practora_lifecycle.TestProActions" name="test_pro_reschedule_to_occupied_returns_409" time="0.376" /><testcase classname="backend.tests.test_practora_lifecycle.TestProActions" name="test_pro_reschedule_to_sunday_returns_400" time="0.273" /><testcase classname="backend.tests.test_practora_lifecycle.TestProActions" name="test_pro_cancel" time="0.426" /><testcase classname="backend.tests.test_practora_lifecycle.TestProActions" name="test_pro_no_show" time="0.294" /></testsuite></testsuites>