<?xml version="1.0" encoding="utf-8"?><testsuites name="pytest tests"><testsuite name="pytest" errors="0" failures="0" skipped="0" tests="37" time="7.408" timestamp="2026-06-27T09:14:53.748488+00:00" hostname="agent-env-48f1cfaa-9d0f-4e6e-b220-20916aaf3e98"><testcase classname="backend.tests.test_intake_forms.TestIntakeFormCRUD" name="test_put_intake_form_assigns_uuids" time="0.538" /><testcase classname="backend.tests.test_intake_forms.TestIntakeFormCRUD" name="test_get_intake_form_persists" time="0.046" /><testcase classname="backend.tests.test_intake_forms.TestIntakeFormCRUD" name="test_public_get_intake_form_no_auth" time="0.183" /><testcase classname="backend.tests.test_intake_forms.TestIntakeFormCRUD" name="test_put_dropdown_without_options_400" time="0.046" /><testcase classname="backend.tests.test_intake_forms.TestIntakeFormCRUD" name="test_put_more_than_20_questions_400" time="0.043" /><testcase classname="backend.tests.test_intake_forms.TestIntakeFormCRUD" name="test_put_unsupported_type_400" time="0.044" /><testcase classname="backend.tests.test_intake_forms.TestIntakeFormCRUD" name="test_restore_initial_form" time="0.046" /><testcase classname="backend.tests.test_intake_forms.TestBookingIntakeValidation" name="test_missing_required_intake_400" time="0.187" /><testcase classname="backend.tests.test_intake_forms.TestBookingIntakeValidation" name="test_invalid_email_in_intake_400" time="0.239" /><testcase classname="backend.tests.test_intake_forms.TestBookingIntakeValidation" name="test_invalid_url_in_intake_400" time="0.239" /><testcase classname="backend.tests.test_intake_forms.TestBookingSnapshot" name="test_intake_answers_in_booking" time="0.250" /><testcase classname="backend.tests.test_intake_forms.TestBookingSnapshot" name="test_booking_intake_answers_collection" time="0.002" /><testcase classname="backend.tests.test_intake_forms.TestBookingSnapshot" name="test_me_bookings_returns_intake_answers" time="0.046" /><testcase classname="backend.tests.test_intake_forms.TestBookingSnapshot" name="test_activity_log_includes_intake_count" time="0.045" /><testcase classname="backend.tests.test_intake_forms.TestSnapshotImmutable" name="test_old_booking_unaffected_by_form_edit" time="0.133" /><testcase classname="backend.tests.test_intake_forms.TestClearIntake" name="test_empty_form_skips_intake_requirement" time="0.244" /><testcase classname="backend.tests.test_intake_forms.TestEmailConsole" name="test_console_email_log_present" time="0.488" /><testcase classname="backend.tests.test_practora_lifecycle.TestAuth" name="test_login_and_me" time="0.366" /><testcase classname="backend.tests.test_practora_lifecycle.TestAuth" name="test_login_bad_password" time="0.318" /><testcase classname="backend.tests.test_practora_lifecycle.TestPolicies" name="test_get_default_policies" time="0.166" /><testcase classname="backend.tests.test_practora_lifecycle.TestPolicies" name="test_put_persists" time="0.168" /><testcase classname="backend.tests.test_practora_lifecycle.TestPublicBooking" name="test_public_profile" time="0.111" /><testcase classname="backend.tests.test_practora_lifecycle.TestPublicBooking" name="test_public_slots_returns_array" time="0.146" /><testcase classname="backend.tests.test_practora_lifecycle.TestBookingCreation" name="test_book_returns_expected_fields" time="0.202" /><testcase classname="backend.tests.test_practora_lifecycle.TestBookingCreation" name="test_book_logs_email_console" time="0.005" /><testcase classname="backend.tests.test_practora_lifecycle.TestBookingCreation" name="test_double_book_returns_409" time="0.099" /><testcase classname="backend.tests.test_practora_lifecycle.TestBookingCreation" name="test_pro_booking_detail_has_activities" time="0.045" /><testcase classname="backend.tests.test_practora_lifecycle.TestCustomerMagic" name="test_valid_token_returns_permissions" time="0.097" /><testcase classname="backend.tests.test_practora_lifecycle.TestCustomerMagic" name="test_invalid_token_returns_404" time="0.097" /><testcase classname="backend.tests.test_practora_lifecycle.TestCustomerActions" name="test_customer_reschedule_limit_blocked" time="0.487" /><testcase classname="backend.tests.test_practora_lifecycle.TestCustomerActions" name="test_customer_cancel_succeeds" time="0.328" /><testcase classname="backend.tests.test_practora_lifecycle.TestCustomerActions" name="test_cancelled_booking_permissions_block" time="0.407" /><testcase classname="backend.tests.test_practora_lifecycle.TestProActions" name="test_pro_reschedule_and_activity" time="0.185" /><testcase classname="backend.tests.test_practora_lifecycle.TestProActions" name="test_pro_reschedule_to_occupied_returns_409" time="0.352" /><testcase classname="backend.tests.test_practora_lifecycle.TestProActions" name="test_pro_reschedule_to_sunday_returns_400" time="0.243" /><testcase classname="backend.tests.test_practora_lifecycle.TestProActions" name="test_pro_cancel" time="0.293" /><testcase classname="backend.tests.test_practora_lifecycle.TestProActions" name="test_pro_no_show" time="0.298" /></testsuite></testsuites>